30-Apr-2025 17:28:37.253 INFO [main] org.apache.catalina.startup.VersionLoggerListener.log Server version name:   Apache Tomcat/9.0.100
30-Apr-2025 17:28:37.265 INFO [main] org.apache.catalina.startup.VersionLoggerListener.log Server built:          Feb 13 2025 11:29:56 UTC
30-Apr-2025 17:28:37.266 INFO [main] org.apache.catalina.startup.VersionLoggerListener.log Server version number: 9.0.100.0
30-Apr-2025 17:28:37.267 INFO [main] org.apache.catalina.startup.VersionLoggerListener.log OS Name:               Windows 10
30-Apr-2025 17:28:37.267 INFO [main] org.apache.catalina.startup.VersionLoggerListener.log OS Version:            10.0
30-Apr-2025 17:28:37.267 INFO [main] org.apache.catalina.startup.VersionLoggerListener.log Architecture:          amd64
30-Apr-2025 17:28:37.268 INFO [main] org.apache.catalina.startup.VersionLoggerListener.log Java Home:             C:\Program Files\Java\jdk-22
30-Apr-2025 17:28:37.268 INFO [main] org.apache.catalina.startup.VersionLoggerListener.log JVM Version:           22.0.2+9-70
30-Apr-2025 17:28:37.268 INFO [main] org.apache.catalina.startup.VersionLoggerListener.log JVM Vendor:            Oracle Corporation
30-Apr-2025 17:28:37.268 INFO [main] org.apache.catalina.startup.VersionLoggerListener.log CATALINA_BASE:         C:\Users\Menura Lakvindu\IdeaProjects\TicketVerse\Tomcat
30-Apr-2025 17:28:37.269 INFO [main] org.apache.catalina.startup.VersionLoggerListener.log CATALINA_HOME:         C:\Program Files\Apache Software Foundation\Tomcat 9.0
30-Apr-2025 17:28:37.288 INFO [main] org.apache.catalina.startup.VersionLoggerListener.log Command line argument: --add-opens=java.base/java.lang=ALL-UNNAMED
30-Apr-2025 17:28:37.289 INFO [main] org.apache.catalina.startup.VersionLoggerListener.log Command line argument: --add-opens=java.base/java.io=ALL-UNNAMED
30-Apr-2025 17:28:37.290 INFO [main] org.apache.catalina.startup.VersionLoggerListener.log Command line argument: --add-opens=java.base/java.util=ALL-UNNAMED
30-Apr-2025 17:28:37.290 INFO [main] org.apache.catalina.startup.VersionLoggerListener.log Command line argument: --add-opens=java.base/java.util.concurrent=ALL-UNNAMED
30-Apr-2025 17:28:37.290 INFO [main] org.apache.catalina.startup.VersionLoggerListener.log Command line argument: --add-opens=java.rmi/sun.rmi.transport=ALL-UNNAMED
30-Apr-2025 17:28:37.290 INFO [main] org.apache.catalina.startup.VersionLoggerListener.log Command line argument: -Dcatalina.home=C:\Program Files\Apache Software Foundation\Tomcat 9.0
30-Apr-2025 17:28:37.291 INFO [main] org.apache.catalina.startup.VersionLoggerListener.log Command line argument: -Dcatalina.base=C:\Users\Menura Lakvindu\IdeaProjects\TicketVerse\Tomcat
30-Apr-2025 17:28:37.291 INFO [main] org.apache.catalina.startup.VersionLoggerListener.log Command line argument: -Djava.io.tmpdir=C:\Users\Menura Lakvindu\IdeaProjects\TicketVerse\Tomcat\temp
30-Apr-2025 17:28:37.292 INFO [main] org.apache.catalina.startup.VersionLoggerListener.log Command line argument: -Djava.util.logging.config.file=C:\Users\Menura Lakvindu\IdeaProjects\TicketVerse\Tomcat\conf\logging.properties
30-Apr-2025 17:28:37.292 INFO [main] org.apache.catalina.startup.VersionLoggerListener.log Command line argument: -Djava.util.logging.manager=org.apache.juli.ClassLoaderLogManager
30-Apr-2025 17:28:37.293 INFO [main] org.apache.catalina.startup.VersionLoggerListener.log Command line argument: -javaagent:C:\Program Files\JetBrains\IntelliJ IDEA 2024.3.4\lib\idea_rt.jar=14625
30-Apr-2025 17:28:37.293 INFO [main] org.apache.catalina.startup.VersionLoggerListener.log Command line argument: -Dfile.encoding=UTF-8
30-Apr-2025 17:28:37.293 INFO [main] org.apache.catalina.startup.VersionLoggerListener.log Command line argument: -Dsun.stdout.encoding=UTF-8
30-Apr-2025 17:28:37.293 INFO [main] org.apache.catalina.startup.VersionLoggerListener.log Command line argument: -Dsun.stderr.encoding=UTF-8
30-Apr-2025 17:28:37.302 INFO [main] org.apache.catalina.core.AprLifecycleListener.lifecycleEvent Loaded Apache Tomcat Native library [1.3.1] using APR version [1.7.4].
30-Apr-2025 17:28:37.303 INFO [main] org.apache.catalina.core.AprLifecycleListener.lifecycleEvent APR capabilities: IPv6 [true], sendfile [true], accept filters [false], random [true], UDS [true].
30-Apr-2025 17:28:37.303 INFO [main] org.apache.catalina.core.AprLifecycleListener.lifecycleEvent APR/OpenSSL configuration: useAprConnector [false], useOpenSSL [true]
30-Apr-2025 17:28:37.319 INFO [main] org.apache.catalina.core.AprLifecycleListener.initializeSSL OpenSSL successfully initialized [OpenSSL 3.0.14 4 Jun 2024]
30-Apr-2025 17:28:38.672 INFO [main] org.apache.coyote.AbstractProtocol.init Initializing ProtocolHandler ["http-nio-8880"]
30-Apr-2025 17:28:38.720 INFO [main] org.apache.catalina.startup.Catalina.load Server initialization in [2137] milliseconds
30-Apr-2025 17:28:38.845 INFO [main] org.apache.catalina.core.StandardService.startInternal Starting service [Catalina]
30-Apr-2025 17:28:38.846 INFO [main] org.apache.catalina.core.StandardEngine.startInternal Starting Servlet engine: [Apache Tomcat/9.0.100]
30-Apr-2025 17:28:38.867 INFO [main] org.apache.catalina.startup.HostConfig.deployDescriptor Deploying deployment descriptor [C:\Users\Menura Lakvindu\IdeaProjects\TicketVerse\Tomcat\conf\Catalina\localhost\TicketVerse.xml]
30-Apr-2025 17:28:45.644 INFO [main] org.apache.jasper.servlet.TldScanner.scanJars At least one JAR was scanned for TLDs yet contained no TLDs. Enable debug logging for this logger for a complete list of JARs that were scanned but no TLDs were found in them. Skipping unneeded JARs during scanning can improve startup time and JSP compilation time.
30-Apr-2025 17:28:46.138 INFO [main] org.apache.catalina.startup.HostConfig.deployDescriptor Deployment of deployment descriptor [C:\Users\Menura Lakvindu\IdeaProjects\TicketVerse\Tomcat\conf\Catalina\localhost\TicketVerse.xml] has finished in [7,270] ms
30-Apr-2025 17:28:46.148 INFO [main] org.apache.coyote.AbstractProtocol.start Starting ProtocolHandler ["http-nio-8880"]
30-Apr-2025 17:28:46.222 INFO [main] org.apache.catalina.startup.Catalina.start Server startup in [7499] milliseconds
30-Apr-2025 17:31:07.546 INFO [Thread-1] org.apache.coyote.AbstractProtocol.pause Pausing ProtocolHandler ["http-nio-8880"]
30-Apr-2025 17:31:07.563 INFO [Thread-1] org.apache.catalina.core.StandardService.stopInternal Stopping service [Catalina]
30-Apr-2025 17:31:07.608 INFO [Thread-1] org.apache.coyote.AbstractProtocol.stop Stopping ProtocolHandler ["http-nio-8880"]
30-Apr-2025 17:31:07.617 INFO [Thread-1] org.apache.coyote.AbstractProtocol.destroy Destroying ProtocolHandler ["http-nio-8880"]
