20-Mar-2025 21:02:27.366 INFO [main] org.apache.catalina.startup.VersionLoggerListener.log Server version name:   Apache Tomcat/9.0.100
20-Mar-2025 21:02:27.378 INFO [main] org.apache.catalina.startup.VersionLoggerListener.log Server built:          Feb 13 2025 11:29:56 UTC
20-Mar-2025 21:02:27.379 INFO [main] org.apache.catalina.startup.VersionLoggerListener.log Server version number: 9.0.100.0
20-Mar-2025 21:02:27.379 INFO [main] org.apache.catalina.startup.VersionLoggerListener.log OS Name:               Windows 10
20-Mar-2025 21:02:27.379 INFO [main] org.apache.catalina.startup.VersionLoggerListener.log OS Version:            10.0
20-Mar-2025 21:02:27.379 INFO [main] org.apache.catalina.startup.VersionLoggerListener.log Architecture:          amd64
20-Mar-2025 21:02:27.380 INFO [main] org.apache.catalina.startup.VersionLoggerListener.log Java Home:             C:\Program Files\Java\jdk-22
20-Mar-2025 21:02:27.380 INFO [main] org.apache.catalina.startup.VersionLoggerListener.log JVM Version:           22.0.2+9-70
20-Mar-2025 21:02:27.380 INFO [main] org.apache.catalina.startup.VersionLoggerListener.log JVM Vendor:            Oracle Corporation
20-Mar-2025 21:02:27.380 INFO [main] org.apache.catalina.startup.VersionLoggerListener.log CATALINA_BASE:         C:\Users\Menura Lakvindu\IdeaProjects\TicketVerse\Tomcat
20-Mar-2025 21:02:27.381 INFO [main] org.apache.catalina.startup.VersionLoggerListener.log CATALINA_HOME:         C:\Program Files\Apache Software Foundation\Tomcat 9.0
20-Mar-2025 21:02:27.408 INFO [main] org.apache.catalina.startup.VersionLoggerListener.log Command line argument: --add-opens=java.base/java.lang=ALL-UNNAMED
20-Mar-2025 21:02:27.408 INFO [main] org.apache.catalina.startup.VersionLoggerListener.log Command line argument: --add-opens=java.base/java.io=ALL-UNNAMED
20-Mar-2025 21:02:27.409 INFO [main] org.apache.catalina.startup.VersionLoggerListener.log Command line argument: --add-opens=java.base/java.util=ALL-UNNAMED
20-Mar-2025 21:02:27.409 INFO [main] org.apache.catalina.startup.VersionLoggerListener.log Command line argument: --add-opens=java.base/java.util.concurrent=ALL-UNNAMED
20-Mar-2025 21:02:27.409 INFO [main] org.apache.catalina.startup.VersionLoggerListener.log Command line argument: --add-opens=java.rmi/sun.rmi.transport=ALL-UNNAMED
20-Mar-2025 21:02:27.409 INFO [main] org.apache.catalina.startup.VersionLoggerListener.log Command line argument: -Dcatalina.home=C:\Program Files\Apache Software Foundation\Tomcat 9.0
20-Mar-2025 21:02:27.410 INFO [main] org.apache.catalina.startup.VersionLoggerListener.log Command line argument: -Dcatalina.base=C:\Users\Menura Lakvindu\IdeaProjects\TicketVerse\Tomcat
20-Mar-2025 21:02:27.410 INFO [main] org.apache.catalina.startup.VersionLoggerListener.log Command line argument: -Djava.io.tmpdir=C:\Users\Menura Lakvindu\IdeaProjects\TicketVerse\Tomcat\temp
20-Mar-2025 21:02:27.411 INFO [main] org.apache.catalina.startup.VersionLoggerListener.log Command line argument: -Djava.util.logging.config.file=C:\Users\Menura Lakvindu\IdeaProjects\TicketVerse\Tomcat\conf\logging.properties
20-Mar-2025 21:02:27.412 INFO [main] org.apache.catalina.startup.VersionLoggerListener.log Command line argument: -Djava.util.logging.manager=org.apache.juli.ClassLoaderLogManager
20-Mar-2025 21:02:27.412 INFO [main] org.apache.catalina.startup.VersionLoggerListener.log Command line argument: -javaagent:C:\Program Files\JetBrains\IntelliJ IDEA 2024.3.4\lib\idea_rt.jar=8528
20-Mar-2025 21:02:27.413 INFO [main] org.apache.catalina.startup.VersionLoggerListener.log Command line argument: -Dfile.encoding=UTF-8
20-Mar-2025 21:02:27.413 INFO [main] org.apache.catalina.startup.VersionLoggerListener.log Command line argument: -Dsun.stdout.encoding=UTF-8
20-Mar-2025 21:02:27.414 INFO [main] org.apache.catalina.startup.VersionLoggerListener.log Command line argument: -Dsun.stderr.encoding=UTF-8
20-Mar-2025 21:02:27.429 INFO [main] org.apache.catalina.core.AprLifecycleListener.lifecycleEvent Loaded Apache Tomcat Native library [1.3.1] using APR version [1.7.4].
20-Mar-2025 21:02:27.430 INFO [main] org.apache.catalina.core.AprLifecycleListener.lifecycleEvent APR capabilities: IPv6 [true], sendfile [true], accept filters [false], random [true], UDS [true].
20-Mar-2025 21:02:27.430 INFO [main] org.apache.catalina.core.AprLifecycleListener.lifecycleEvent APR/OpenSSL configuration: useAprConnector [false], useOpenSSL [true]
20-Mar-2025 21:02:27.477 INFO [main] org.apache.catalina.core.AprLifecycleListener.initializeSSL OpenSSL successfully initialized [OpenSSL 3.0.14 4 Jun 2024]
20-Mar-2025 21:02:28.446 INFO [main] org.apache.coyote.AbstractProtocol.init Initializing ProtocolHandler ["http-nio-8880"]
20-Mar-2025 21:02:28.489 INFO [main] org.apache.catalina.startup.Catalina.load Server initialization in [1860] milliseconds
20-Mar-2025 21:02:28.603 INFO [main] org.apache.catalina.core.StandardService.startInternal Starting service [Catalina]
20-Mar-2025 21:02:28.603 INFO [main] org.apache.catalina.core.StandardEngine.startInternal Starting Servlet engine: [Apache Tomcat/9.0.100]
20-Mar-2025 21:02:28.629 INFO [main] org.apache.catalina.startup.HostConfig.deployDescriptor Deploying deployment descriptor [C:\Users\Menura Lakvindu\IdeaProjects\TicketVerse\Tomcat\conf\Catalina\localhost\TicketVerse.xml]
20-Mar-2025 21:02:29.553 INFO [main] org.apache.catalina.startup.HostConfig.deployDescriptor Deployment of deployment descriptor [C:\Users\Menura Lakvindu\IdeaProjects\TicketVerse\Tomcat\conf\Catalina\localhost\TicketVerse.xml] has finished in [923] ms
20-Mar-2025 21:02:29.564 INFO [main] org.apache.coyote.AbstractProtocol.start Starting ProtocolHandler ["http-nio-8880"]
20-Mar-2025 21:02:29.623 INFO [main] org.apache.catalina.startup.Catalina.start Server startup in [1131] milliseconds
20-Mar-2025 21:03:52.954 INFO [Thread-1] org.apache.coyote.AbstractProtocol.pause Pausing ProtocolHandler ["http-nio-8880"]
20-Mar-2025 21:03:52.971 INFO [Thread-1] org.apache.catalina.core.StandardService.stopInternal Stopping service [Catalina]
20-Mar-2025 21:03:53.040 INFO [Thread-1] org.apache.coyote.AbstractProtocol.stop Stopping ProtocolHandler ["http-nio-8880"]
20-Mar-2025 21:03:53.051 INFO [Thread-1] org.apache.coyote.AbstractProtocol.destroy Destroying ProtocolHandler ["http-nio-8880"]
20-Mar-2025 21:25:56.974 INFO [main] org.apache.catalina.startup.VersionLoggerListener.log Server version name:   Apache Tomcat/9.0.100
20-Mar-2025 21:25:56.986 INFO [main] org.apache.catalina.startup.VersionLoggerListener.log Server built:          Feb 13 2025 11:29:56 UTC
20-Mar-2025 21:25:56.987 INFO [main] org.apache.catalina.startup.VersionLoggerListener.log Server version number: 9.0.100.0
20-Mar-2025 21:25:56.987 INFO [main] org.apache.catalina.startup.VersionLoggerListener.log OS Name:               Windows 10
20-Mar-2025 21:25:56.987 INFO [main] org.apache.catalina.startup.VersionLoggerListener.log OS Version:            10.0
20-Mar-2025 21:25:56.988 INFO [main] org.apache.catalina.startup.VersionLoggerListener.log Architecture:          amd64
20-Mar-2025 21:25:56.988 INFO [main] org.apache.catalina.startup.VersionLoggerListener.log Java Home:             C:\Program Files\Java\jdk-22
20-Mar-2025 21:25:56.988 INFO [main] org.apache.catalina.startup.VersionLoggerListener.log JVM Version:           22.0.2+9-70
20-Mar-2025 21:25:56.989 INFO [main] org.apache.catalina.startup.VersionLoggerListener.log JVM Vendor:            Oracle Corporation
20-Mar-2025 21:25:56.989 INFO [main] org.apache.catalina.startup.VersionLoggerListener.log CATALINA_BASE:         C:\Users\Menura Lakvindu\IdeaProjects\TicketVerse\Tomcat
20-Mar-2025 21:25:56.990 INFO [main] org.apache.catalina.startup.VersionLoggerListener.log CATALINA_HOME:         C:\Program Files\Apache Software Foundation\Tomcat 9.0
20-Mar-2025 21:25:57.013 INFO [main] org.apache.catalina.startup.VersionLoggerListener.log Command line argument: --add-opens=java.base/java.lang=ALL-UNNAMED
20-Mar-2025 21:25:57.013 INFO [main] org.apache.catalina.startup.VersionLoggerListener.log Command line argument: --add-opens=java.base/java.io=ALL-UNNAMED
20-Mar-2025 21:25:57.014 INFO [main] org.apache.catalina.startup.VersionLoggerListener.log Command line argument: --add-opens=java.base/java.util=ALL-UNNAMED
20-Mar-2025 21:25:57.014 INFO [main] org.apache.catalina.startup.VersionLoggerListener.log Command line argument: --add-opens=java.base/java.util.concurrent=ALL-UNNAMED
20-Mar-2025 21:25:57.014 INFO [main] org.apache.catalina.startup.VersionLoggerListener.log Command line argument: --add-opens=java.rmi/sun.rmi.transport=ALL-UNNAMED
20-Mar-2025 21:25:57.015 INFO [main] org.apache.catalina.startup.VersionLoggerListener.log Command line argument: -Dcatalina.home=C:\Program Files\Apache Software Foundation\Tomcat 9.0
20-Mar-2025 21:25:57.015 INFO [main] org.apache.catalina.startup.VersionLoggerListener.log Command line argument: -Dcatalina.base=C:\Users\Menura Lakvindu\IdeaProjects\TicketVerse\Tomcat
20-Mar-2025 21:25:57.015 INFO [main] org.apache.catalina.startup.VersionLoggerListener.log Command line argument: -Djava.io.tmpdir=C:\Users\Menura Lakvindu\IdeaProjects\TicketVerse\Tomcat\temp
20-Mar-2025 21:25:57.016 INFO [main] org.apache.catalina.startup.VersionLoggerListener.log Command line argument: -Djava.util.logging.config.file=C:\Users\Menura Lakvindu\IdeaProjects\TicketVerse\Tomcat\conf\logging.properties
20-Mar-2025 21:25:57.016 INFO [main] org.apache.catalina.startup.VersionLoggerListener.log Command line argument: -Djava.util.logging.manager=org.apache.juli.ClassLoaderLogManager
20-Mar-2025 21:25:57.016 INFO [main] org.apache.catalina.startup.VersionLoggerListener.log Command line argument: -javaagent:C:\Program Files\JetBrains\IntelliJ IDEA 2024.3.4\lib\idea_rt.jar=10530
20-Mar-2025 21:25:57.017 INFO [main] org.apache.catalina.startup.VersionLoggerListener.log Command line argument: -Dfile.encoding=UTF-8
20-Mar-2025 21:25:57.017 INFO [main] org.apache.catalina.startup.VersionLoggerListener.log Command line argument: -Dsun.stdout.encoding=UTF-8
20-Mar-2025 21:25:57.017 INFO [main] org.apache.catalina.startup.VersionLoggerListener.log Command line argument: -Dsun.stderr.encoding=UTF-8
20-Mar-2025 21:25:57.032 INFO [main] org.apache.catalina.core.AprLifecycleListener.lifecycleEvent Loaded Apache Tomcat Native library [1.3.1] using APR version [1.7.4].
20-Mar-2025 21:25:57.033 INFO [main] org.apache.catalina.core.AprLifecycleListener.lifecycleEvent APR capabilities: IPv6 [true], sendfile [true], accept filters [false], random [true], UDS [true].
20-Mar-2025 21:25:57.033 INFO [main] org.apache.catalina.core.AprLifecycleListener.lifecycleEvent APR/OpenSSL configuration: useAprConnector [false], useOpenSSL [true]
20-Mar-2025 21:25:57.075 INFO [main] org.apache.catalina.core.AprLifecycleListener.initializeSSL OpenSSL successfully initialized [OpenSSL 3.0.14 4 Jun 2024]
20-Mar-2025 21:25:57.950 INFO [main] org.apache.coyote.AbstractProtocol.init Initializing ProtocolHandler ["http-nio-8880"]
20-Mar-2025 21:25:57.999 INFO [main] org.apache.catalina.startup.Catalina.load Server initialization in [1575] milliseconds
20-Mar-2025 21:25:58.113 INFO [main] org.apache.catalina.core.StandardService.startInternal Starting service [Catalina]
20-Mar-2025 21:25:58.113 INFO [main] org.apache.catalina.core.StandardEngine.startInternal Starting Servlet engine: [Apache Tomcat/9.0.100]
20-Mar-2025 21:25:58.135 INFO [main] org.apache.catalina.startup.HostConfig.deployDescriptor Deploying deployment descriptor [C:\Users\Menura Lakvindu\IdeaProjects\TicketVerse\Tomcat\conf\Catalina\localhost\TicketVerse.xml]
20-Mar-2025 21:25:58.943 INFO [main] org.apache.catalina.startup.HostConfig.deployDescriptor Deployment of deployment descriptor [C:\Users\Menura Lakvindu\IdeaProjects\TicketVerse\Tomcat\conf\Catalina\localhost\TicketVerse.xml] has finished in [807] ms
20-Mar-2025 21:25:58.954 INFO [main] org.apache.coyote.AbstractProtocol.start Starting ProtocolHandler ["http-nio-8880"]
20-Mar-2025 21:25:59.021 INFO [main] org.apache.catalina.startup.Catalina.start Server startup in [1019] milliseconds
20-Mar-2025 21:26:32.440 INFO [Thread-1] org.apache.coyote.AbstractProtocol.pause Pausing ProtocolHandler ["http-nio-8880"]
20-Mar-2025 21:26:32.454 INFO [Thread-1] org.apache.catalina.core.StandardService.stopInternal Stopping service [Catalina]
20-Mar-2025 21:26:32.482 INFO [Thread-1] org.apache.coyote.AbstractProtocol.stop Stopping ProtocolHandler ["http-nio-8880"]
20-Mar-2025 21:26:32.491 INFO [Thread-1] org.apache.coyote.AbstractProtocol.destroy Destroying ProtocolHandler ["http-nio-8880"]
20-Mar-2025 21:26:38.100 INFO [main] org.apache.catalina.startup.VersionLoggerListener.log Server version name:   Apache Tomcat/9.0.100
20-Mar-2025 21:26:38.110 INFO [main] org.apache.catalina.startup.VersionLoggerListener.log Server built:          Feb 13 2025 11:29:56 UTC
20-Mar-2025 21:26:38.110 INFO [main] org.apache.catalina.startup.VersionLoggerListener.log Server version number: 9.0.100.0
20-Mar-2025 21:26:38.111 INFO [main] org.apache.catalina.startup.VersionLoggerListener.log OS Name:               Windows 10
20-Mar-2025 21:26:38.111 INFO [main] org.apache.catalina.startup.VersionLoggerListener.log OS Version:            10.0
20-Mar-2025 21:26:38.111 INFO [main] org.apache.catalina.startup.VersionLoggerListener.log Architecture:          amd64
20-Mar-2025 21:26:38.112 INFO [main] org.apache.catalina.startup.VersionLoggerListener.log Java Home:             C:\Program Files\Java\jdk-22
20-Mar-2025 21:26:38.113 INFO [main] org.apache.catalina.startup.VersionLoggerListener.log JVM Version:           22.0.2+9-70
20-Mar-2025 21:26:38.113 INFO [main] org.apache.catalina.startup.VersionLoggerListener.log JVM Vendor:            Oracle Corporation
20-Mar-2025 21:26:38.114 INFO [main] org.apache.catalina.startup.VersionLoggerListener.log CATALINA_BASE:         C:\Users\Menura Lakvindu\IdeaProjects\TicketVerse\Tomcat
20-Mar-2025 21:26:38.115 INFO [main] org.apache.catalina.startup.VersionLoggerListener.log CATALINA_HOME:         C:\Program Files\Apache Software Foundation\Tomcat 9.0
20-Mar-2025 21:26:38.135 INFO [main] org.apache.catalina.startup.VersionLoggerListener.log Command line argument: --add-opens=java.base/java.lang=ALL-UNNAMED
20-Mar-2025 21:26:38.135 INFO [main] org.apache.catalina.startup.VersionLoggerListener.log Command line argument: --add-opens=java.base/java.io=ALL-UNNAMED
20-Mar-2025 21:26:38.136 INFO [main] org.apache.catalina.startup.VersionLoggerListener.log Command line argument: --add-opens=java.base/java.util=ALL-UNNAMED
20-Mar-2025 21:26:38.136 INFO [main] org.apache.catalina.startup.VersionLoggerListener.log Command line argument: --add-opens=java.base/java.util.concurrent=ALL-UNNAMED
20-Mar-2025 21:26:38.136 INFO [main] org.apache.catalina.startup.VersionLoggerListener.log Command line argument: --add-opens=java.rmi/sun.rmi.transport=ALL-UNNAMED
20-Mar-2025 21:26:38.136 INFO [main] org.apache.catalina.startup.VersionLoggerListener.log Command line argument: -Dcatalina.home=C:\Program Files\Apache Software Foundation\Tomcat 9.0
20-Mar-2025 21:26:38.137 INFO [main] org.apache.catalina.startup.VersionLoggerListener.log Command line argument: -Dcatalina.base=C:\Users\Menura Lakvindu\IdeaProjects\TicketVerse\Tomcat
20-Mar-2025 21:26:38.137 INFO [main] org.apache.catalina.startup.VersionLoggerListener.log Command line argument: -Djava.io.tmpdir=C:\Users\Menura Lakvindu\IdeaProjects\TicketVerse\Tomcat\temp
20-Mar-2025 21:26:38.137 INFO [main] org.apache.catalina.startup.VersionLoggerListener.log Command line argument: -Djava.util.logging.config.file=C:\Users\Menura Lakvindu\IdeaProjects\TicketVerse\Tomcat\conf\logging.properties
20-Mar-2025 21:26:38.137 INFO [main] org.apache.catalina.startup.VersionLoggerListener.log Command line argument: -Djava.util.logging.manager=org.apache.juli.ClassLoaderLogManager
20-Mar-2025 21:26:38.138 INFO [main] org.apache.catalina.startup.VersionLoggerListener.log Command line argument: -javaagent:C:\Program Files\JetBrains\IntelliJ IDEA 2024.3.4\lib\idea_rt.jar=10563
20-Mar-2025 21:26:38.138 INFO [main] org.apache.catalina.startup.VersionLoggerListener.log Command line argument: -Dfile.encoding=UTF-8
20-Mar-2025 21:26:38.138 INFO [main] org.apache.catalina.startup.VersionLoggerListener.log Command line argument: -Dsun.stdout.encoding=UTF-8
20-Mar-2025 21:26:38.138 INFO [main] org.apache.catalina.startup.VersionLoggerListener.log Command line argument: -Dsun.stderr.encoding=UTF-8
20-Mar-2025 21:26:38.147 INFO [main] org.apache.catalina.core.AprLifecycleListener.lifecycleEvent Loaded Apache Tomcat Native library [1.3.1] using APR version [1.7.4].
20-Mar-2025 21:26:38.147 INFO [main] org.apache.catalina.core.AprLifecycleListener.lifecycleEvent APR capabilities: IPv6 [true], sendfile [true], accept filters [false], random [true], UDS [true].
20-Mar-2025 21:26:38.147 INFO [main] org.apache.catalina.core.AprLifecycleListener.lifecycleEvent APR/OpenSSL configuration: useAprConnector [false], useOpenSSL [true]
20-Mar-2025 21:26:38.163 INFO [main] org.apache.catalina.core.AprLifecycleListener.initializeSSL OpenSSL successfully initialized [OpenSSL 3.0.14 4 Jun 2024]
20-Mar-2025 21:26:39.127 INFO [main] org.apache.coyote.AbstractProtocol.init Initializing ProtocolHandler ["http-nio-8880"]
20-Mar-2025 21:26:39.209 INFO [main] org.apache.catalina.startup.Catalina.load Server initialization in [1684] milliseconds
20-Mar-2025 21:26:39.357 INFO [main] org.apache.catalina.core.StandardService.startInternal Starting service [Catalina]
20-Mar-2025 21:26:39.357 INFO [main] org.apache.catalina.core.StandardEngine.startInternal Starting Servlet engine: [Apache Tomcat/9.0.100]
20-Mar-2025 21:26:39.376 INFO [main] org.apache.catalina.startup.HostConfig.deployDescriptor Deploying deployment descriptor [C:\Users\Menura Lakvindu\IdeaProjects\TicketVerse\Tomcat\conf\Catalina\localhost\TicketVerse.xml]
20-Mar-2025 21:26:40.390 INFO [main] org.apache.catalina.startup.HostConfig.deployDescriptor Deployment of deployment descriptor [C:\Users\Menura Lakvindu\IdeaProjects\TicketVerse\Tomcat\conf\Catalina\localhost\TicketVerse.xml] has finished in [1,013] ms
20-Mar-2025 21:26:40.401 INFO [main] org.apache.coyote.AbstractProtocol.start Starting ProtocolHandler ["http-nio-8880"]
20-Mar-2025 21:26:40.458 INFO [main] org.apache.catalina.startup.Catalina.start Server startup in [1241] milliseconds
20-Mar-2025 21:26:58.845 INFO [Thread-1] org.apache.coyote.AbstractProtocol.pause Pausing ProtocolHandler ["http-nio-8880"]
20-Mar-2025 21:26:58.860 INFO [Thread-1] org.apache.catalina.core.StandardService.stopInternal Stopping service [Catalina]
20-Mar-2025 21:26:58.888 INFO [Thread-1] org.apache.coyote.AbstractProtocol.stop Stopping ProtocolHandler ["http-nio-8880"]
20-Mar-2025 21:26:58.901 INFO [Thread-1] org.apache.coyote.AbstractProtocol.destroy Destroying ProtocolHandler ["http-nio-8880"]
20-Mar-2025 21:27:03.005 INFO [main] org.apache.catalina.startup.VersionLoggerListener.log Server version name:   Apache Tomcat/9.0.100
20-Mar-2025 21:27:03.014 INFO [main] org.apache.catalina.startup.VersionLoggerListener.log Server built:          Feb 13 2025 11:29:56 UTC
20-Mar-2025 21:27:03.015 INFO [main] org.apache.catalina.startup.VersionLoggerListener.log Server version number: 9.0.100.0
20-Mar-2025 21:27:03.015 INFO [main] org.apache.catalina.startup.VersionLoggerListener.log OS Name:               Windows 10
20-Mar-2025 21:27:03.015 INFO [main] org.apache.catalina.startup.VersionLoggerListener.log OS Version:            10.0
20-Mar-2025 21:27:03.018 INFO [main] org.apache.catalina.startup.VersionLoggerListener.log Architecture:          amd64
20-Mar-2025 21:27:03.018 INFO [main] org.apache.catalina.startup.VersionLoggerListener.log Java Home:             C:\Program Files\Java\jdk-22
20-Mar-2025 21:27:03.019 INFO [main] org.apache.catalina.startup.VersionLoggerListener.log JVM Version:           22.0.2+9-70
20-Mar-2025 21:27:03.019 INFO [main] org.apache.catalina.startup.VersionLoggerListener.log JVM Vendor:            Oracle Corporation
20-Mar-2025 21:27:03.019 INFO [main] org.apache.catalina.startup.VersionLoggerListener.log CATALINA_BASE:         C:\Users\Menura Lakvindu\IdeaProjects\TicketVerse\Tomcat
20-Mar-2025 21:27:03.020 INFO [main] org.apache.catalina.startup.VersionLoggerListener.log CATALINA_HOME:         C:\Program Files\Apache Software Foundation\Tomcat 9.0
20-Mar-2025 21:27:03.038 INFO [main] org.apache.catalina.startup.VersionLoggerListener.log Command line argument: --add-opens=java.base/java.lang=ALL-UNNAMED
20-Mar-2025 21:27:03.038 INFO [main] org.apache.catalina.startup.VersionLoggerListener.log Command line argument: --add-opens=java.base/java.io=ALL-UNNAMED
20-Mar-2025 21:27:03.039 INFO [main] org.apache.catalina.startup.VersionLoggerListener.log Command line argument: --add-opens=java.base/java.util=ALL-UNNAMED
20-Mar-2025 21:27:03.039 INFO [main] org.apache.catalina.startup.VersionLoggerListener.log Command line argument: --add-opens=java.base/java.util.concurrent=ALL-UNNAMED
20-Mar-2025 21:27:03.040 INFO [main] org.apache.catalina.startup.VersionLoggerListener.log Command line argument: --add-opens=java.rmi/sun.rmi.transport=ALL-UNNAMED
20-Mar-2025 21:27:03.040 INFO [main] org.apache.catalina.startup.VersionLoggerListener.log Command line argument: -Dcatalina.home=C:\Program Files\Apache Software Foundation\Tomcat 9.0
20-Mar-2025 21:27:03.040 INFO [main] org.apache.catalina.startup.VersionLoggerListener.log Command line argument: -Dcatalina.base=C:\Users\Menura Lakvindu\IdeaProjects\TicketVerse\Tomcat
20-Mar-2025 21:27:03.040 INFO [main] org.apache.catalina.startup.VersionLoggerListener.log Command line argument: -Djava.io.tmpdir=C:\Users\Menura Lakvindu\IdeaProjects\TicketVerse\Tomcat\temp
20-Mar-2025 21:27:03.041 INFO [main] org.apache.catalina.startup.VersionLoggerListener.log Command line argument: -Djava.util.logging.config.file=C:\Users\Menura Lakvindu\IdeaProjects\TicketVerse\Tomcat\conf\logging.properties
20-Mar-2025 21:27:03.041 INFO [main] org.apache.catalina.startup.VersionLoggerListener.log Command line argument: -Djava.util.logging.manager=org.apache.juli.ClassLoaderLogManager
20-Mar-2025 21:27:03.041 INFO [main] org.apache.catalina.startup.VersionLoggerListener.log Command line argument: -javaagent:C:\Program Files\JetBrains\IntelliJ IDEA 2024.3.4\lib\idea_rt.jar=10570
20-Mar-2025 21:27:03.042 INFO [main] org.apache.catalina.startup.VersionLoggerListener.log Command line argument: -Dfile.encoding=UTF-8
20-Mar-2025 21:27:03.043 INFO [main] org.apache.catalina.startup.VersionLoggerListener.log Command line argument: -Dsun.stdout.encoding=UTF-8
20-Mar-2025 21:27:03.043 INFO [main] org.apache.catalina.startup.VersionLoggerListener.log Command line argument: -Dsun.stderr.encoding=UTF-8
20-Mar-2025 21:27:03.051 INFO [main] org.apache.catalina.core.AprLifecycleListener.lifecycleEvent Loaded Apache Tomcat Native library [1.3.1] using APR version [1.7.4].
20-Mar-2025 21:27:03.051 INFO [main] org.apache.catalina.core.AprLifecycleListener.lifecycleEvent APR capabilities: IPv6 [true], sendfile [true], accept filters [false], random [true], UDS [true].
20-Mar-2025 21:27:03.051 INFO [main] org.apache.catalina.core.AprLifecycleListener.lifecycleEvent APR/OpenSSL configuration: useAprConnector [false], useOpenSSL [true]
20-Mar-2025 21:27:03.066 INFO [main] org.apache.catalina.core.AprLifecycleListener.initializeSSL OpenSSL successfully initialized [OpenSSL 3.0.14 4 Jun 2024]
20-Mar-2025 21:27:03.900 INFO [main] org.apache.coyote.AbstractProtocol.init Initializing ProtocolHandler ["http-nio-8880"]
20-Mar-2025 21:27:03.938 INFO [main] org.apache.catalina.startup.Catalina.load Server initialization in [1443] milliseconds
20-Mar-2025 21:27:04.041 INFO [main] org.apache.catalina.core.StandardService.startInternal Starting service [Catalina]
20-Mar-2025 21:27:04.041 INFO [main] org.apache.catalina.core.StandardEngine.startInternal Starting Servlet engine: [Apache Tomcat/9.0.100]
20-Mar-2025 21:27:04.066 INFO [main] org.apache.catalina.startup.HostConfig.deployDescriptor Deploying deployment descriptor [C:\Users\Menura Lakvindu\IdeaProjects\TicketVerse\Tomcat\conf\Catalina\localhost\TicketVerse.xml]
20-Mar-2025 21:27:04.862 INFO [main] org.apache.catalina.startup.HostConfig.deployDescriptor Deployment of deployment descriptor [C:\Users\Menura Lakvindu\IdeaProjects\TicketVerse\Tomcat\conf\Catalina\localhost\TicketVerse.xml] has finished in [795] ms
20-Mar-2025 21:27:04.871 INFO [main] org.apache.coyote.AbstractProtocol.start Starting ProtocolHandler ["http-nio-8880"]
20-Mar-2025 21:27:04.939 INFO [main] org.apache.catalina.startup.Catalina.start Server startup in [997] milliseconds
20-Mar-2025 22:12:05.785 INFO [Thread-1] org.apache.coyote.AbstractProtocol.pause Pausing ProtocolHandler ["http-nio-8880"]
20-Mar-2025 22:12:05.861 INFO [Thread-1] org.apache.catalina.core.StandardService.stopInternal Stopping service [Catalina]
20-Mar-2025 22:12:06.082 INFO [Thread-1] org.apache.coyote.AbstractProtocol.stop Stopping ProtocolHandler ["http-nio-8880"]
20-Mar-2025 22:12:06.117 INFO [Thread-1] org.apache.coyote.AbstractProtocol.destroy Destroying ProtocolHandler ["http-nio-8880"]
20-Mar-2025 22:12:15.695 INFO [main] org.apache.catalina.startup.VersionLoggerListener.log Server version name:   Apache Tomcat/9.0.100
20-Mar-2025 22:12:15.704 INFO [main] org.apache.catalina.startup.VersionLoggerListener.log Server built:          Feb 13 2025 11:29:56 UTC
20-Mar-2025 22:12:15.705 INFO [main] org.apache.catalina.startup.VersionLoggerListener.log Server version number: 9.0.100.0
20-Mar-2025 22:12:15.705 INFO [main] org.apache.catalina.startup.VersionLoggerListener.log OS Name:               Windows 10
20-Mar-2025 22:12:15.706 INFO [main] org.apache.catalina.startup.VersionLoggerListener.log OS Version:            10.0
20-Mar-2025 22:12:15.706 INFO [main] org.apache.catalina.startup.VersionLoggerListener.log Architecture:          amd64
20-Mar-2025 22:12:15.706 INFO [main] org.apache.catalina.startup.VersionLoggerListener.log Java Home:             C:\Program Files\Java\jdk-22
20-Mar-2025 22:12:15.707 INFO [main] org.apache.catalina.startup.VersionLoggerListener.log JVM Version:           22.0.2+9-70
20-Mar-2025 22:12:15.707 INFO [main] org.apache.catalina.startup.VersionLoggerListener.log JVM Vendor:            Oracle Corporation
20-Mar-2025 22:12:15.707 INFO [main] org.apache.catalina.startup.VersionLoggerListener.log CATALINA_BASE:         C:\Users\Menura Lakvindu\IdeaProjects\TicketVerse\Tomcat
20-Mar-2025 22:12:15.707 INFO [main] org.apache.catalina.startup.VersionLoggerListener.log CATALINA_HOME:         C:\Program Files\Apache Software Foundation\Tomcat 9.0
20-Mar-2025 22:12:15.726 INFO [main] org.apache.catalina.startup.VersionLoggerListener.log Command line argument: --add-opens=java.base/java.lang=ALL-UNNAMED
20-Mar-2025 22:12:15.727 INFO [main] org.apache.catalina.startup.VersionLoggerListener.log Command line argument: --add-opens=java.base/java.io=ALL-UNNAMED
20-Mar-2025 22:12:15.728 INFO [main] org.apache.catalina.startup.VersionLoggerListener.log Command line argument: --add-opens=java.base/java.util=ALL-UNNAMED
20-Mar-2025 22:12:15.728 INFO [main] org.apache.catalina.startup.VersionLoggerListener.log Command line argument: --add-opens=java.base/java.util.concurrent=ALL-UNNAMED
20-Mar-2025 22:12:15.729 INFO [main] org.apache.catalina.startup.VersionLoggerListener.log Command line argument: --add-opens=java.rmi/sun.rmi.transport=ALL-UNNAMED
20-Mar-2025 22:12:15.729 INFO [main] org.apache.catalina.startup.VersionLoggerListener.log Command line argument: -Dcatalina.home=C:\Program Files\Apache Software Foundation\Tomcat 9.0
20-Mar-2025 22:12:15.729 INFO [main] org.apache.catalina.startup.VersionLoggerListener.log Command line argument: -Dcatalina.base=C:\Users\Menura Lakvindu\IdeaProjects\TicketVerse\Tomcat
20-Mar-2025 22:12:15.729 INFO [main] org.apache.catalina.startup.VersionLoggerListener.log Command line argument: -Djava.io.tmpdir=C:\Users\Menura Lakvindu\IdeaProjects\TicketVerse\Tomcat\temp
20-Mar-2025 22:12:15.730 INFO [main] org.apache.catalina.startup.VersionLoggerListener.log Command line argument: -Djava.util.logging.config.file=C:\Users\Menura Lakvindu\IdeaProjects\TicketVerse\Tomcat\conf\logging.properties
20-Mar-2025 22:12:15.730 INFO [main] org.apache.catalina.startup.VersionLoggerListener.log Command line argument: -Djava.util.logging.manager=org.apache.juli.ClassLoaderLogManager
20-Mar-2025 22:12:15.730 INFO [main] org.apache.catalina.startup.VersionLoggerListener.log Command line argument: -javaagent:C:\Program Files\JetBrains\IntelliJ IDEA 2024.3.4\lib\idea_rt.jar=8515
20-Mar-2025 22:12:15.731 INFO [main] org.apache.catalina.startup.VersionLoggerListener.log Command line argument: -Dfile.encoding=UTF-8
20-Mar-2025 22:12:15.731 INFO [main] org.apache.catalina.startup.VersionLoggerListener.log Command line argument: -Dsun.stdout.encoding=UTF-8
20-Mar-2025 22:12:15.731 INFO [main] org.apache.catalina.startup.VersionLoggerListener.log Command line argument: -Dsun.stderr.encoding=UTF-8
20-Mar-2025 22:12:15.740 INFO [main] org.apache.catalina.core.AprLifecycleListener.lifecycleEvent Loaded Apache Tomcat Native library [1.3.1] using APR version [1.7.4].
20-Mar-2025 22:12:15.740 INFO [main] org.apache.catalina.core.AprLifecycleListener.lifecycleEvent APR capabilities: IPv6 [true], sendfile [true], accept filters [false], random [true], UDS [true].
20-Mar-2025 22:12:15.741 INFO [main] org.apache.catalina.core.AprLifecycleListener.lifecycleEvent APR/OpenSSL configuration: useAprConnector [false], useOpenSSL [true]
20-Mar-2025 22:12:15.757 INFO [main] org.apache.catalina.core.AprLifecycleListener.initializeSSL OpenSSL successfully initialized [OpenSSL 3.0.14 4 Jun 2024]
20-Mar-2025 22:12:16.682 INFO [main] org.apache.coyote.AbstractProtocol.init Initializing ProtocolHandler ["http-nio-8880"]
20-Mar-2025 22:12:16.726 INFO [main] org.apache.catalina.startup.Catalina.load Server initialization in [1647] milliseconds
20-Mar-2025 22:12:16.837 INFO [main] org.apache.catalina.core.StandardService.startInternal Starting service [Catalina]
20-Mar-2025 22:12:16.837 INFO [main] org.apache.catalina.core.StandardEngine.startInternal Starting Servlet engine: [Apache Tomcat/9.0.100]
20-Mar-2025 22:12:16.861 INFO [main] org.apache.catalina.startup.HostConfig.deployDescriptor Deploying deployment descriptor [C:\Users\Menura Lakvindu\IdeaProjects\TicketVerse\Tomcat\conf\Catalina\localhost\TicketVerse.xml]
20-Mar-2025 22:12:17.689 INFO [main] org.apache.catalina.startup.HostConfig.deployDescriptor Deployment of deployment descriptor [C:\Users\Menura Lakvindu\IdeaProjects\TicketVerse\Tomcat\conf\Catalina\localhost\TicketVerse.xml] has finished in [827] ms
20-Mar-2025 22:12:17.700 INFO [main] org.apache.coyote.AbstractProtocol.start Starting ProtocolHandler ["http-nio-8880"]
20-Mar-2025 22:12:17.759 INFO [main] org.apache.catalina.startup.Catalina.start Server startup in [1030] milliseconds
20-Mar-2025 22:33:43.731 INFO [Thread-1] org.apache.coyote.AbstractProtocol.pause Pausing ProtocolHandler ["http-nio-8880"]
20-Mar-2025 22:33:43.750 INFO [Thread-1] org.apache.catalina.core.StandardService.stopInternal Stopping service [Catalina]
20-Mar-2025 22:33:43.774 INFO [Thread-1] org.apache.coyote.AbstractProtocol.stop Stopping ProtocolHandler ["http-nio-8880"]
20-Mar-2025 22:33:43.785 INFO [Thread-1] org.apache.coyote.AbstractProtocol.destroy Destroying ProtocolHandler ["http-nio-8880"]
